{"username":"accountPerm","uid":"E1DhlZPHQ","method":"POST","url":"/login","level":"info","message":"Tue Jul 18 2017 14:48:07 GMT+0100 (BST)\tE1DhlZPHQ\tAuthenticating user [95 ms]","timestamp":"2017-07-18T13:48:07.024Z"}
{"httpCode":400,"contentLength":129,"uid":"E1DhlZPHQ","method":"POST","url":"/login","level":"error","message":"Tue Jul 18 2017 14:48:07 GMT+0100 (BST)\tE1DhlZPHQ\t{\"message\":\"Incorrect username or password\",\"status\":400,\"code\":\"INCORRECT_USERNAME_OR_PASSWORD\",\"value\":2,\"place\":\"POST /login\"} [159 ms]","timestamp":"2017-07-18T13:48:07.087Z"}
{"username":"collaborator_viewer","uid":"NJeOhgZvHQ","method":"POST","url":"/login","level":"info","message":"Tue Jul 18 2017 14:48:07 GMT+0100 (BST)\tNJeOhgZvHQ\tAuthenticating user [1 ms]","timestamp":"2017-07-18T13:48:07.194Z"}
{"username":"collaborator_viewer","uid":"NJeOhgZvHQ","method":"POST","url":"/login","level":"info","message":"Tue Jul 18 2017 14:48:07 GMT+0100 (BST)\tNJeOhgZvHQ\tUser is logged in [55 ms]","timestamp":"2017-07-18T13:48:07.248Z"}
{"uid":"NJeOhgZvHQ","method":"POST","url":"/login","level":"info","message":"Tue Jul 18 2017 14:48:07 GMT+0100 (BST)\tNJeOhgZvHQ\tCreating session for  collaborator_viewer [56 ms]","timestamp":"2017-07-18T13:48:07.249Z"}
{"uid":"NJeOhgZvHQ","method":"POST","url":"/login","level":"debug","message":"Tue Jul 18 2017 14:48:07 GMT+0100 (BST)\tNJeOhgZvHQ\tAuthenticated user and signed token. [56 ms]","timestamp":"2017-07-18T13:48:07.249Z"}
{"httpCode":200,"contentLength":45,"uid":"NJeOhgZvHQ","method":"POST","url":"/login","level":"info","message":"Tue Jul 18 2017 14:48:07 GMT+0100 (BST)\tNJeOhgZvHQ\tResponded with 200 [57 ms]","timestamp":"2017-07-18T13:48:07.250Z"}
{"username":"collaborator_editor","uid":"E1zu2xZPSm","method":"POST","url":"/login","level":"info","message":"Tue Jul 18 2017 14:48:07 GMT+0100 (BST)\tE1zu2xZPSm\tAuthenticating user [1 ms]","timestamp":"2017-07-18T13:48:07.292Z"}
{"username":"collaborator_editor","uid":"E1zu2xZPSm","method":"POST","url":"/login","level":"info","message":"Tue Jul 18 2017 14:48:07 GMT+0100 (BST)\tE1zu2xZPSm\tUser is logged in [53 ms]","timestamp":"2017-07-18T13:48:07.344Z"}
{"uid":"E1zu2xZPSm","method":"POST","url":"/login","level":"info","message":"Tue Jul 18 2017 14:48:07 GMT+0100 (BST)\tE1zu2xZPSm\tCreating session for  collaborator_editor [53 ms]","timestamp":"2017-07-18T13:48:07.345Z"}
{"uid":"E1zu2xZPSm","method":"POST","url":"/login","level":"debug","message":"Tue Jul 18 2017 14:48:07 GMT+0100 (BST)\tE1zu2xZPSm\tAuthenticated user and signed token. [54 ms]","timestamp":"2017-07-18T13:48:07.345Z"}
{"httpCode":200,"contentLength":45,"uid":"E1zu2xZPSm","method":"POST","url":"/login","level":"info","message":"Tue Jul 18 2017 14:48:07 GMT+0100 (BST)\tE1zu2xZPSm\tResponded with 200 [54 ms]","timestamp":"2017-07-18T13:48:07.345Z"}
{"username":"collaborator_comm","uid":"VkVOhg-DSQ","method":"POST","url":"/login","level":"info","message":"Tue Jul 18 2017 14:48:07 GMT+0100 (BST)\tVkVOhg-DSQ\tAuthenticating user [1 ms]","timestamp":"2017-07-18T13:48:07.386Z"}
{"username":"collaborator_comm","uid":"VkVOhg-DSQ","method":"POST","url":"/login","level":"info","message":"Tue Jul 18 2017 14:48:07 GMT+0100 (BST)\tVkVOhg-DSQ\tUser is logged in [53 ms]","timestamp":"2017-07-18T13:48:07.438Z"}
{"uid":"VkVOhg-DSQ","method":"POST","url":"/login","level":"info","message":"Tue Jul 18 2017 14:48:07 GMT+0100 (BST)\tVkVOhg-DSQ\tCreating session for  collaborator_comm [53 ms]","timestamp":"2017-07-18T13:48:07.439Z"}
{"uid":"VkVOhg-DSQ","method":"POST","url":"/login","level":"debug","message":"Tue Jul 18 2017 14:48:07 GMT+0100 (BST)\tVkVOhg-DSQ\tAuthenticated user and signed token. [54 ms]","timestamp":"2017-07-18T13:48:07.439Z"}
{"httpCode":200,"contentLength":43,"uid":"VkVOhg-DSQ","method":"POST","url":"/login","level":"info","message":"Tue Jul 18 2017 14:48:07 GMT+0100 (BST)\tVkVOhg-DSQ\tResponded with 200 [54 ms]","timestamp":"2017-07-18T13:48:07.439Z"}
{"username":"collaborator_viewer1","uid":"VyId2lZDBX","method":"POST","url":"/login","level":"info","message":"Tue Jul 18 2017 14:48:07 GMT+0100 (BST)\tVyId2lZDBX\tAuthenticating user [0 ms]","timestamp":"2017-07-18T13:48:07.469Z"}
{"username":"collaborator_viewer1","uid":"VyId2lZDBX","method":"POST","url":"/login","level":"info","message":"Tue Jul 18 2017 14:48:07 GMT+0100 (BST)\tVyId2lZDBX\tUser is logged in [46 ms]","timestamp":"2017-07-18T13:48:07.515Z"}
{"uid":"VyId2lZDBX","method":"POST","url":"/login","level":"info","message":"Tue Jul 18 2017 14:48:07 GMT+0100 (BST)\tVyId2lZDBX\tCreating session for  collaborator_viewer1 [46 ms]","timestamp":"2017-07-18T13:48:07.515Z"}
{"uid":"VyId2lZDBX","method":"POST","url":"/login","level":"debug","message":"Tue Jul 18 2017 14:48:07 GMT+0100 (BST)\tVyId2lZDBX\tAuthenticated user and signed token. [46 ms]","timestamp":"2017-07-18T13:48:07.515Z"}
{"httpCode":200,"contentLength":46,"uid":"VyId2lZDBX","method":"POST","url":"/login","level":"info","message":"Tue Jul 18 2017 14:48:07 GMT+0100 (BST)\tVyId2lZDBX\tResponded with 200 [47 ms]","timestamp":"2017-07-18T13:48:07.516Z"}
{"username":"collaborator_viewer2","uid":"NyuO2xbvBm","method":"POST","url":"/login","level":"info","message":"Tue Jul 18 2017 14:48:07 GMT+0100 (BST)\tNyuO2xbvBm\tAuthenticating user [0 ms]","timestamp":"2017-07-18T13:48:07.551Z"}
{"username":"collaborator_viewer2","uid":"NyuO2xbvBm","method":"POST","url":"/login","level":"info","message":"Tue Jul 18 2017 14:48:07 GMT+0100 (BST)\tNyuO2xbvBm\tUser is logged in [49 ms]","timestamp":"2017-07-18T13:48:07.599Z"}
{"uid":"NyuO2xbvBm","method":"POST","url":"/login","level":"info","message":"Tue Jul 18 2017 14:48:07 GMT+0100 (BST)\tNyuO2xbvBm\tCreating session for  collaborator_viewer2 [49 ms]","timestamp":"2017-07-18T13:48:07.599Z"}
{"uid":"NyuO2xbvBm","method":"POST","url":"/login","level":"debug","message":"Tue Jul 18 2017 14:48:07 GMT+0100 (BST)\tNyuO2xbvBm\tAuthenticated user and signed token. [49 ms]","timestamp":"2017-07-18T13:48:07.599Z"}
{"httpCode":200,"contentLength":46,"uid":"NyuO2xbvBm","method":"POST","url":"/login","level":"info","message":"Tue Jul 18 2017 14:48:07 GMT+0100 (BST)\tNyuO2xbvBm\tResponded with 200 [50 ms]","timestamp":"2017-07-18T13:48:07.600Z"}
{"username":"collaborator_viewer3","uid":"NJqO3l-DHm","method":"POST","url":"/login","level":"info","message":"Tue Jul 18 2017 14:48:07 GMT+0100 (BST)\tNJqO3l-DHm\tAuthenticating user [1 ms]","timestamp":"2017-07-18T13:48:07.633Z"}
{"username":"collaborator_viewer3","uid":"NJqO3l-DHm","method":"POST","url":"/login","level":"info","message":"Tue Jul 18 2017 14:48:07 GMT+0100 (BST)\tNJqO3l-DHm\tUser is logged in [48 ms]","timestamp":"2017-07-18T13:48:07.680Z"}
{"uid":"NJqO3l-DHm","method":"POST","url":"/login","level":"info","message":"Tue Jul 18 2017 14:48:07 GMT+0100 (BST)\tNJqO3l-DHm\tCreating session for  collaborator_viewer3 [48 ms]","timestamp":"2017-07-18T13:48:07.680Z"}
{"uid":"NJqO3l-DHm","method":"POST","url":"/login","level":"debug","message":"Tue Jul 18 2017 14:48:07 GMT+0100 (BST)\tNJqO3l-DHm\tAuthenticated user and signed token. [48 ms]","timestamp":"2017-07-18T13:48:07.680Z"}
{"httpCode":200,"contentLength":46,"uid":"NJqO3l-DHm","method":"POST","url":"/login","level":"info","message":"Tue Jul 18 2017 14:48:07 GMT+0100 (BST)\tNJqO3l-DHm\tResponded with 200 [49 ms]","timestamp":"2017-07-18T13:48:07.681Z"}
{"username":"collaborator_viewer4","uid":"4y3O2g-vBX","method":"POST","url":"/login","level":"info","message":"Tue Jul 18 2017 14:48:07 GMT+0100 (BST)\t4y3O2g-vBX\tAuthenticating user [0 ms]","timestamp":"2017-07-18T13:48:07.711Z"}
{"username":"collaborator_viewer4","uid":"4y3O2g-vBX","method":"POST","url":"/login","level":"info","message":"Tue Jul 18 2017 14:48:07 GMT+0100 (BST)\t4y3O2g-vBX\tUser is logged in [50 ms]","timestamp":"2017-07-18T13:48:07.760Z"}
{"uid":"4y3O2g-vBX","method":"POST","url":"/login","level":"info","message":"Tue Jul 18 2017 14:48:07 GMT+0100 (BST)\t4y3O2g-vBX\tCreating session for  collaborator_viewer4 [50 ms]","timestamp":"2017-07-18T13:48:07.760Z"}
{"uid":"4y3O2g-vBX","method":"POST","url":"/login","level":"debug","message":"Tue Jul 18 2017 14:48:07 GMT+0100 (BST)\t4y3O2g-vBX\tAuthenticated user and signed token. [50 ms]","timestamp":"2017-07-18T13:48:07.760Z"}
{"httpCode":200,"contentLength":46,"uid":"4y3O2g-vBX","method":"POST","url":"/login","level":"info","message":"Tue Jul 18 2017 14:48:07 GMT+0100 (BST)\t4y3O2g-vBX\tResponded with 200 [51 ms]","timestamp":"2017-07-18T13:48:07.761Z"}
{"username":"collaborator_viewer5","uid":"VkCunlZvBm","method":"POST","url":"/login","level":"info","message":"Tue Jul 18 2017 14:48:07 GMT+0100 (BST)\tVkCunlZvBm\tAuthenticating user [1 ms]","timestamp":"2017-07-18T13:48:07.791Z"}
{"username":"collaborator_viewer5","uid":"VkCunlZvBm","method":"POST","url":"/login","level":"info","message":"Tue Jul 18 2017 14:48:07 GMT+0100 (BST)\tVkCunlZvBm\tUser is logged in [49 ms]","timestamp":"2017-07-18T13:48:07.839Z"}
{"uid":"VkCunlZvBm","method":"POST","url":"/login","level":"info","message":"Tue Jul 18 2017 14:48:07 GMT+0100 (BST)\tVkCunlZvBm\tCreating session for  collaborator_viewer5 [50 ms]","timestamp":"2017-07-18T13:48:07.840Z"}
{"uid":"VkCunlZvBm","method":"POST","url":"/login","level":"debug","message":"Tue Jul 18 2017 14:48:07 GMT+0100 (BST)\tVkCunlZvBm\tAuthenticated user and signed token. [50 ms]","timestamp":"2017-07-18T13:48:07.840Z"}
{"httpCode":200,"contentLength":46,"uid":"VkCunlZvBm","method":"POST","url":"/login","level":"info","message":"Tue Jul 18 2017 14:48:07 GMT+0100 (BST)\tVkCunlZvBm\tResponded with 200 [51 ms]","timestamp":"2017-07-18T13:48:07.841Z"}
{"username":"projectowner","uid":"Nkye_2l-Drm","method":"POST","url":"/login","level":"info","message":"Tue Jul 18 2017 14:48:07 GMT+0100 (BST)\tNkye_2l-Drm\tAuthenticating user [0 ms]","timestamp":"2017-07-18T13:48:07.843Z"}
{"username":"projectowner","uid":"Nkye_2l-Drm","method":"POST","url":"/login","level":"info","message":"Tue Jul 18 2017 14:48:07 GMT+0100 (BST)\tNkye_2l-Drm\tUser is logged in [50 ms]","timestamp":"2017-07-18T13:48:07.893Z"}
{"uid":"Nkye_2l-Drm","method":"POST","url":"/login","level":"info","message":"Tue Jul 18 2017 14:48:07 GMT+0100 (BST)\tNkye_2l-Drm\tCreating session for  projectowner [51 ms]","timestamp":"2017-07-18T13:48:07.894Z"}
{"uid":"Nkye_2l-Drm","method":"POST","url":"/login","level":"debug","message":"Tue Jul 18 2017 14:48:07 GMT+0100 (BST)\tNkye_2l-Drm\tAuthenticated user and signed token. [51 ms]","timestamp":"2017-07-18T13:48:07.894Z"}
{"httpCode":200,"contentLength":189,"uid":"Nkye_2l-Drm","method":"POST","url":"/login","level":"info","message":"Tue Jul 18 2017 14:48:07 GMT+0100 (BST)\tNkye_2l-Drm\tResponded with 200 [51 ms]","timestamp":"2017-07-18T13:48:07.894Z"}
{"httpCode":401,"contentLength":128,"uid":"NJgedneZDrX","method":"POST","url":"/projectowner/testproject/permissions","level":"error","message":"Tue Jul 18 2017 14:48:07 GMT+0100 (BST)\tNJgedneZDrX\t{\"message\":\"Not Authorized\",\"status\":401,\"code\":\"NOT_AUTHORIZED\",\"value\":9,\"place\":\"POST /projectowner/testproject/permissions\"} [58 ms]","timestamp":"2017-07-18T13:48:07.957Z"}
{"httpCode":401,"contentLength":120,"uid":"4yWg_3gZwr7","method":"GET","url":"/projectowner/testproject.json","level":"error","message":"Tue Jul 18 2017 14:48:08 GMT+0100 (BST)\t4yWg_3gZwr7\t{\"message\":\"Not Authorized\",\"status\":401,\"code\":\"NOT_AUTHORIZED\",\"value\":9,\"place\":\"GET /projectowner/testproject.json\"} [47 ms]","timestamp":"2017-07-18T13:48:08.008Z"}
{"httpCode":401,"contentLength":127,"uid":"N1Ml_2gbDrm","method":"GET","url":"/projectowner/testproject/issues.json","level":"error","message":"Tue Jul 18 2017 14:48:08 GMT+0100 (BST)\tN1Ml_2gbDrm\t{\"message\":\"Not Authorized\",\"status\":401,\"code\":\"NOT_AUTHORIZED\",\"value\":9,\"place\":\"GET /projectowner/testproject/issues.json\"} [51 ms]","timestamp":"2017-07-18T13:48:08.064Z"}
{"httpCode":401,"contentLength":131,"uid":"NJ7e_2g-vSQ","method":"GET","url":"/projectowner/testproject/download/latest","level":"error","message":"Tue Jul 18 2017 14:48:08 GMT+0100 (BST)\tNJ7e_2g-vSQ\t{\"message\":\"Not Authorized\",\"status\":401,\"code\":\"NOT_AUTHORIZED\",\"value\":9,\"place\":\"GET /projectowner/testproject/download/latest\"} [56 ms]","timestamp":"2017-07-18T13:48:08.123Z"}
{"httpCode":401,"contentLength":123,"uid":"E1thxZPSX","method":"POST","url":"/projectowner/testproject/upload","level":"error","message":"Tue Jul 18 2017 14:48:08 GMT+0100 (BST)\tE1thxZPSX\t{\"message\":\"Not Authorized\",\"status\":401,\"code\":\"NOT_AUTHORIZED\",\"value\":9,\"place\":\"POST /projectowner/testproject/upload\"} [14 ms]","timestamp":"2017-07-18T13:48:08.145Z"}
{"httpCode":401,"contentLength":128,"uid":"4kgFneZDBX","method":"POST","url":"/projectowner/testproject/issues.json","level":"error","message":"Tue Jul 18 2017 14:48:08 GMT+0100 (BST)\t4kgFneZDBX\t{\"message\":\"Not Authorized\",\"status\":401,\"code\":\"NOT_AUTHORIZED\",\"value\":9,\"place\":\"POST /projectowner/testproject/issues.json\"} [84 ms]","timestamp":"2017-07-18T13:48:08.234Z"}
{"httpCode":401,"contentLength":118,"uid":"NJGYhe-PrX","method":"DELETE","url":"/projectowner/testproject","level":"error","message":"Tue Jul 18 2017 14:48:08 GMT+0100 (BST)\tNJGYhe-PrX\t{\"message\":\"Not Authorized\",\"status\":401,\"code\":\"NOT_AUTHORIZED\",\"value\":9,\"place\":\"DELETE /projectowner/testproject\"} [7 ms]","timestamp":"2017-07-18T13:48:08.243Z"}
{"httpCode":401,"contentLength":124,"uid":"EymKnx-vrQ","method":"PUT","url":"/projectowner/testproject/settings","level":"error","message":"Tue Jul 18 2017 14:48:08 GMT+0100 (BST)\tEymKnx-vrQ\t{\"message\":\"Not Authorized\",\"status\":401,\"code\":\"NOT_AUTHORIZED\",\"value\":9,\"place\":\"PUT /projectowner/testproject/settings\"} [10 ms]","timestamp":"2017-07-18T13:48:08.255Z"}
{"uid":"VkNK3xWwSX","method":"POST","url":"/logout","level":"debug","message":"Tue Jul 18 2017 14:48:08 GMT+0100 (BST)\tVkNK3xWwSX\tUser has logged out. [1 ms]","timestamp":"2017-07-18T13:48:08.259Z"}
{"httpCode":200,"contentLength":27,"uid":"VkNK3xWwSX","method":"POST","url":"/logout","level":"info","message":"Tue Jul 18 2017 14:48:08 GMT+0100 (BST)\tVkNK3xWwSX\tResponded with 200 [2 ms]","timestamp":"2017-07-18T13:48:08.260Z"}
{"httpCode":401,"contentLength":81,"uid":"VJBF2ebPBQ","method":"POST","url":"/logout","level":"error","message":"Tue Jul 18 2017 14:48:08 GMT+0100 (BST)\tVJBF2ebPBQ\t{\"place\":\"POST /logout\",\"status\":401,\"message\":\"You are not logged in\",\"value\":4} [0 ms]","timestamp":"2017-07-18T13:48:08.262Z"}
{"username":"projectowner","uid":"E1It2xWDBm","method":"POST","url":"/login","level":"info","message":"Tue Jul 18 2017 14:48:08 GMT+0100 (BST)\tE1It2xWDBm\tAuthenticating user [0 ms]","timestamp":"2017-07-18T13:48:08.266Z"}
{"username":"projectowner","uid":"E1It2xWDBm","method":"POST","url":"/login","level":"info","message":"Tue Jul 18 2017 14:48:08 GMT+0100 (BST)\tE1It2xWDBm\tUser is logged in [60 ms]","timestamp":"2017-07-18T13:48:08.325Z"}
{"uid":"E1It2xWDBm","method":"POST","url":"/login","level":"info","message":"Tue Jul 18 2017 14:48:08 GMT+0100 (BST)\tE1It2xWDBm\tCreating session for  projectowner [60 ms]","timestamp":"2017-07-18T13:48:08.326Z"}
{"uid":"E1It2xWDBm","method":"POST","url":"/login","level":"debug","message":"Tue Jul 18 2017 14:48:08 GMT+0100 (BST)\tE1It2xWDBm\tAuthenticated user and signed token. [62 ms]","timestamp":"2017-07-18T13:48:08.327Z"}
{"httpCode":200,"contentLength":189,"uid":"E1It2xWDBm","method":"POST","url":"/login","level":"info","message":"Tue Jul 18 2017 14:48:08 GMT+0100 (BST)\tE1It2xWDBm\tResponded with 200 [62 ms]","timestamp":"2017-07-18T13:48:08.328Z"}
{"httpCode":401,"contentLength":128,"uid":"V1PKnx-DSm","method":"POST","url":"/projectowner/testproject/permissions","level":"error","message":"Tue Jul 18 2017 14:48:08 GMT+0100 (BST)\tV1PKnx-DSm\t{\"message\":\"Not Authorized\",\"status\":401,\"code\":\"NOT_AUTHORIZED\",\"value\":9,\"place\":\"POST /projectowner/testproject/permissions\"} [7 ms]","timestamp":"2017-07-18T13:48:08.339Z"}
{"httpCode":401,"contentLength":120,"uid":"E1dFneWPBX","method":"GET","url":"/projectowner/testproject.json","level":"error","message":"Tue Jul 18 2017 14:48:08 GMT+0100 (BST)\tE1dFneWPBX\t{\"message\":\"Not Authorized\",\"status\":401,\"code\":\"NOT_AUTHORIZED\",\"value\":9,\"place\":\"GET /projectowner/testproject.json\"} [8 ms]","timestamp":"2017-07-18T13:48:08.350Z"}
{"httpCode":401,"contentLength":127,"uid":"V1Ytnl-DSm","method":"GET","url":"/projectowner/testproject/issues.json","level":"error","message":"Tue Jul 18 2017 14:48:08 GMT+0100 (BST)\tV1Ytnl-DSm\t{\"message\":\"Not Authorized\",\"status\":401,\"code\":\"NOT_AUTHORIZED\",\"value\":9,\"place\":\"GET /projectowner/testproject/issues.json\"} [14 ms]","timestamp":"2017-07-18T13:48:08.367Z"}
{"httpCode":401,"contentLength":131,"uid":"EJqtng-vHm","method":"GET","url":"/projectowner/testproject/download/latest","level":"error","message":"Tue Jul 18 2017 14:48:08 GMT+0100 (BST)\tEJqtng-vHm\t{\"message\":\"Not Authorized\",\"status\":401,\"code\":\"NOT_AUTHORIZED\",\"value\":9,\"place\":\"GET /projectowner/testproject/download/latest\"} [8 ms]","timestamp":"2017-07-18T13:48:08.379Z"}
{"httpCode":401,"contentLength":128,"uid":"V1iKnl-Pr7","method":"POST","url":"/projectowner/testproject/issues.json","level":"error","message":"Tue Jul 18 2017 14:48:08 GMT+0100 (BST)\tV1iKnl-Pr7\t{\"message\":\"Not Authorized\",\"status\":401,\"code\":\"NOT_AUTHORIZED\",\"value\":9,\"place\":\"POST /projectowner/testproject/issues.json\"} [5 ms]","timestamp":"2017-07-18T13:48:08.389Z"}
{"httpCode":401,"contentLength":123,"uid":"NknKhlbPSX","method":"POST","url":"/projectowner/testproject/upload","level":"error","message":"Tue Jul 18 2017 14:48:08 GMT+0100 (BST)\tNknKhlbPSX\t{\"message\":\"Not Authorized\",\"status\":401,\"code\":\"NOT_AUTHORIZED\",\"value\":9,\"place\":\"POST /projectowner/testproject/upload\"} [10 ms]","timestamp":"2017-07-18T13:48:08.405Z"}
{"httpCode":401,"contentLength":118,"uid":"VkTY3ebDSQ","method":"DELETE","url":"/projectowner/testproject","level":"error","message":"Tue Jul 18 2017 14:48:08 GMT+0100 (BST)\tVkTY3ebDSQ\t{\"message\":\"Not Authorized\",\"status\":401,\"code\":\"NOT_AUTHORIZED\",\"value\":9,\"place\":\"DELETE /projectowner/testproject\"} [8 ms]","timestamp":"2017-07-18T13:48:08.417Z"}
{"httpCode":401,"contentLength":124,"uid":"41Ct3gWwSm","method":"PUT","url":"/projectowner/testproject/settings","level":"error","message":"Tue Jul 18 2017 14:48:08 GMT+0100 (BST)\t41Ct3gWwSm\t{\"message\":\"Not Authorized\",\"status\":401,\"code\":\"NOT_AUTHORIZED\",\"value\":9,\"place\":\"PUT /projectowner/testproject/settings\"} [7 ms]","timestamp":"2017-07-18T13:48:08.425Z"}
{"uid":"4yJeYngWPH7","method":"POST","url":"/logout","level":"debug","message":"Tue Jul 18 2017 14:48:08 GMT+0100 (BST)\t4yJeYngWPH7\tUser has logged out. [1 ms]","timestamp":"2017-07-18T13:48:08.430Z"}
{"httpCode":200,"contentLength":27,"uid":"4yJeYngWPH7","method":"POST","url":"/logout","level":"info","message":"Tue Jul 18 2017 14:48:08 GMT+0100 (BST)\t4yJeYngWPH7\tResponded with 200 [2 ms]","timestamp":"2017-07-18T13:48:08.430Z"}
{"httpCode":401,"contentLength":81,"uid":"Eygxt3eWwB7","method":"POST","url":"/logout","level":"error","message":"Tue Jul 18 2017 14:48:08 GMT+0100 (BST)\tEygxt3eWwB7\t{\"place\":\"POST /logout\",\"status\":401,\"message\":\"You are not logged in\",\"value\":4} [0 ms]","timestamp":"2017-07-18T13:48:08.433Z"}
{"username":"projectowner","uid":"VyWxF3l-DHQ","method":"POST","url":"/login","level":"info","message":"Tue Jul 18 2017 14:48:08 GMT+0100 (BST)\tVyWxF3l-DHQ\tAuthenticating user [1 ms]","timestamp":"2017-07-18T13:48:08.436Z"}
{"username":"projectowner","uid":"VyWxF3l-DHQ","method":"POST","url":"/login","level":"info","message":"Tue Jul 18 2017 14:48:08 GMT+0100 (BST)\tVyWxF3l-DHQ\tUser is logged in [52 ms]","timestamp":"2017-07-18T13:48:08.487Z"}
{"uid":"VyWxF3l-DHQ","method":"POST","url":"/login","level":"info","message":"Tue Jul 18 2017 14:48:08 GMT+0100 (BST)\tVyWxF3l-DHQ\tCreating session for  projectowner [52 ms]","timestamp":"2017-07-18T13:48:08.487Z"}
{"uid":"VyWxF3l-DHQ","method":"POST","url":"/login","level":"debug","message":"Tue Jul 18 2017 14:48:08 GMT+0100 (BST)\tVyWxF3l-DHQ\tAuthenticated user and signed token. [52 ms]","timestamp":"2017-07-18T13:48:08.487Z"}
{"httpCode":200,"contentLength":189,"uid":"VyWxF3l-DHQ","method":"POST","url":"/login","level":"info","message":"Tue Jul 18 2017 14:48:08 GMT+0100 (BST)\tVyWxF3l-DHQ\tResponded with 200 [53 ms]","timestamp":"2017-07-18T13:48:08.488Z"}
{"httpCode":401,"contentLength":128,"uid":"NJfxY2xZDHm","method":"POST","url":"/projectowner/testproject/permissions","level":"error","message":"Tue Jul 18 2017 14:48:08 GMT+0100 (BST)\tNJfxY2xZDHm\t{\"message\":\"Not Authorized\",\"status\":401,\"code\":\"NOT_AUTHORIZED\",\"value\":9,\"place\":\"POST /projectowner/testproject/permissions\"} [7 ms]","timestamp":"2017-07-18T13:48:08.497Z"}
{"httpCode":401,"contentLength":120,"uid":"VkQgFhgWwSm","method":"GET","url":"/projectowner/testproject.json","level":"error","message":"Tue Jul 18 2017 14:48:08 GMT+0100 (BST)\tVkQgFhgWwSm\t{\"message\":\"Not Authorized\",\"status\":401,\"code\":\"NOT_AUTHORIZED\",\"value\":9,\"place\":\"GET /projectowner/testproject.json\"} [5 ms]","timestamp":"2017-07-18T13:48:08.505Z"}
{"httpCode":401,"contentLength":127,"uid":"V1NlY2x-DBQ","method":"GET","url":"/projectowner/testproject/issues.json","level":"error","message":"Tue Jul 18 2017 14:48:08 GMT+0100 (BST)\tV1NlY2x-DBQ\t{\"message\":\"Not Authorized\",\"status\":401,\"code\":\"NOT_AUTHORIZED\",\"value\":9,\"place\":\"GET /projectowner/testproject/issues.json\"} [6 ms]","timestamp":"2017-07-18T13:48:08.513Z"}
{"httpCode":401,"contentLength":128,"uid":"41HgFhlZvSm","method":"POST","url":"/projectowner/testproject/issues.json","level":"error","message":"Tue Jul 18 2017 14:48:08 GMT+0100 (BST)\t41HgFhlZvSm\t{\"message\":\"Not Authorized\",\"status\":401,\"code\":\"NOT_AUTHORIZED\",\"value\":9,\"place\":\"POST /projectowner/testproject/issues.json\"} [7 ms]","timestamp":"2017-07-18T13:48:08.524Z"}
{"httpCode":401,"contentLength":123,"uid":"NyUet3lWvSX","method":"POST","url":"/projectowner/testproject/upload","level":"error","message":"Tue Jul 18 2017 14:48:08 GMT+0100 (BST)\tNyUet3lWvSX\t{\"message\":\"Not Authorized\",\"status\":401,\"code\":\"NOT_AUTHORIZED\",\"value\":9,\"place\":\"POST /projectowner/testproject/upload\"} [8 ms]","timestamp":"2017-07-18T13:48:08.536Z"}
{"httpCode":401,"contentLength":131,"uid":"NyDxK3e-PrQ","method":"GET","url":"/projectowner/testproject/download/latest","level":"error","message":"Tue Jul 18 2017 14:48:08 GMT+0100 (BST)\tNyDxK3e-PrQ\t{\"message\":\"Not Authorized\",\"status\":401,\"code\":\"NOT_AUTHORIZED\",\"value\":9,\"place\":\"GET /projectowner/testproject/download/latest\"} [11 ms]","timestamp":"2017-07-18T13:48:08.550Z"}
{"httpCode":401,"contentLength":118,"uid":"Vy_gtneZDr7","method":"DELETE","url":"/projectowner/testproject","level":"error","message":"Tue Jul 18 2017 14:48:08 GMT+0100 (BST)\tVy_gtneZDr7\t{\"message\":\"Not Authorized\",\"status\":401,\"code\":\"NOT_AUTHORIZED\",\"value\":9,\"place\":\"DELETE /projectowner/testproject\"} [6 ms]","timestamp":"2017-07-18T13:48:08.558Z"}
{"httpCode":401,"contentLength":124,"uid":"VkKeKhxbwHX","method":"PUT","url":"/projectowner/testproject/settings","level":"error","message":"Tue Jul 18 2017 14:48:08 GMT+0100 (BST)\tVkKeKhxbwHX\t{\"message\":\"Not Authorized\",\"status\":401,\"code\":\"NOT_AUTHORIZED\",\"value\":9,\"place\":\"PUT /projectowner/testproject/settings\"} [5 ms]","timestamp":"2017-07-18T13:48:08.566Z"}
{"uid":"Vy5lY2lWwBQ","method":"POST","url":"/logout","level":"debug","message":"Tue Jul 18 2017 14:48:08 GMT+0100 (BST)\tVy5lY2lWwBQ\tUser has logged out. [1 ms]","timestamp":"2017-07-18T13:48:08.569Z"}
{"httpCode":200,"contentLength":27,"uid":"Vy5lY2lWwBQ","method":"POST","url":"/logout","level":"info","message":"Tue Jul 18 2017 14:48:08 GMT+0100 (BST)\tVy5lY2lWwBQ\tResponded with 200 [2 ms]","timestamp":"2017-07-18T13:48:08.570Z"}
{"httpCode":401,"contentLength":81,"uid":"NJoeFhxWDSm","method":"POST","url":"/logout","level":"error","message":"Tue Jul 18 2017 14:48:08 GMT+0100 (BST)\tNJoeFhxWDSm\t{\"place\":\"POST /logout\",\"status\":401,\"message\":\"You are not logged in\",\"value\":4} [1 ms]","timestamp":"2017-07-18T13:48:08.572Z"}
{"username":"projectowner","uid":"Vk3lt2lZvSm","method":"POST","url":"/login","level":"info","message":"Tue Jul 18 2017 14:48:08 GMT+0100 (BST)\tVk3lt2lZvSm\tAuthenticating user [1 ms]","timestamp":"2017-07-18T13:48:08.574Z"}
{"username":"projectowner","uid":"Vk3lt2lZvSm","method":"POST","url":"/login","level":"info","message":"Tue Jul 18 2017 14:48:08 GMT+0100 (BST)\tVk3lt2lZvSm\tUser is logged in [46 ms]","timestamp":"2017-07-18T13:48:08.619Z"}
{"uid":"Vk3lt2lZvSm","method":"POST","url":"/login","level":"info","message":"Tue Jul 18 2017 14:48:08 GMT+0100 (BST)\tVk3lt2lZvSm\tCreating session for  projectowner [46 ms]","timestamp":"2017-07-18T13:48:08.619Z"}
{"uid":"Vk3lt2lZvSm","method":"POST","url":"/login","level":"debug","message":"Tue Jul 18 2017 14:48:08 GMT+0100 (BST)\tVk3lt2lZvSm\tAuthenticated user and signed token. [46 ms]","timestamp":"2017-07-18T13:48:08.619Z"}
{"httpCode":200,"contentLength":189,"uid":"Vk3lt2lZvSm","method":"POST","url":"/login","level":"info","message":"Tue Jul 18 2017 14:48:08 GMT+0100 (BST)\tVk3lt2lZvSm\tResponded with 200 [47 ms]","timestamp":"2017-07-18T13:48:08.620Z"}
{"httpCode":401,"contentLength":128,"uid":"Vyagt2x-DSX","method":"POST","url":"/projectowner/testproject/permissions","level":"error","message":"Tue Jul 18 2017 14:48:08 GMT+0100 (BST)\tVyagt2x-DSX\t{\"message\":\"Not Authorized\",\"status\":401,\"code\":\"NOT_AUTHORIZED\",\"value\":9,\"place\":\"POST /projectowner/testproject/permissions\"} [6 ms]","timestamp":"2017-07-18T13:48:08.628Z"}
{"username":"projectowner","uid":"410lY2lZwB7","method":"POST","url":"/login","level":"info","message":"Tue Jul 18 2017 14:48:08 GMT+0100 (BST)\t410lY2lZwB7\tAuthenticating user [1 ms]","timestamp":"2017-07-18T13:48:08.633Z"}
{"username":"projectowner","uid":"410lY2lZwB7","method":"POST","url":"/login","level":"info","message":"Tue Jul 18 2017 14:48:08 GMT+0100 (BST)\t410lY2lZwB7\tUser is logged in [48 ms]","timestamp":"2017-07-18T13:48:08.680Z"}
{"uid":"410lY2lZwB7","method":"POST","url":"/login","level":"info","message":"Tue Jul 18 2017 14:48:08 GMT+0100 (BST)\t410lY2lZwB7\tCreating session for  projectowner [48 ms]","timestamp":"2017-07-18T13:48:08.680Z"}
{"uid":"410lY2lZwB7","method":"POST","url":"/login","level":"debug","message":"Tue Jul 18 2017 14:48:08 GMT+0100 (BST)\t410lY2lZwB7\tAuthenticated user and signed token. [48 ms]","timestamp":"2017-07-18T13:48:08.680Z"}
{"httpCode":200,"contentLength":189,"uid":"410lY2lZwB7","method":"POST","url":"/login","level":"info","message":"Tue Jul 18 2017 14:48:08 GMT+0100 (BST)\t410lY2lZwB7\tResponded with 200 [49 ms]","timestamp":"2017-07-18T13:48:08.681Z"}
{"httpCode":401,"contentLength":128,"uid":"NyyWF2gWwBm","method":"POST","url":"/projectowner/testproject/permissions","level":"error","message":"Tue Jul 18 2017 14:48:08 GMT+0100 (BST)\tNyyWF2gWwBm\t{\"message\":\"Not Authorized\",\"status\":401,\"code\":\"NOT_AUTHORIZED\",\"value\":9,\"place\":\"POST /projectowner/testproject/permissions\"} [11 ms]","timestamp":"2017-07-18T13:48:08.698Z"}
{"httpCode":400,"contentLength":127,"uid":"4JlZY2gZwBQ","method":"POST","url":"/contact","level":"error","message":"Tue Jul 18 2017 14:48:08 GMT+0100 (BST)\t4JlZY2gZwBQ\t{\"status\":400,\"message\":\"contact.email is not defined in config\",\"code\":\"NO_CONTACT_EMAIL\",\"value\":106,\"place\":\"POST /contact\"} [1 ms]","timestamp":"2017-07-18T13:48:08.705Z"}
{"username":"defaultperm","uid":"E1MWthx-DHm","method":"POST","url":"/login","level":"info","message":"Tue Jul 18 2017 14:48:08 GMT+0100 (BST)\tE1MWthx-DHm\tAuthenticating user [1 ms]","timestamp":"2017-07-18T13:48:08.735Z"}
{"username":"defaultperm","uid":"E1MWthx-DHm","method":"POST","url":"/login","level":"info","message":"Tue Jul 18 2017 14:48:08 GMT+0100 (BST)\tE1MWthx-DHm\tUser is logged in [48 ms]","timestamp":"2017-07-18T13:48:08.782Z"}
{"uid":"E1MWthx-DHm","method":"POST","url":"/login","level":"info","message":"Tue Jul 18 2017 14:48:08 GMT+0100 (BST)\tE1MWthx-DHm\tCreating session for  defaultperm [48 ms]","timestamp":"2017-07-18T13:48:08.782Z"}
{"uid":"E1MWthx-DHm","method":"POST","url":"/login","level":"debug","message":"Tue Jul 18 2017 14:48:08 GMT+0100 (BST)\tE1MWthx-DHm\tAuthenticated user and signed token. [48 ms]","timestamp":"2017-07-18T13:48:08.782Z"}
{"httpCode":200,"contentLength":37,"uid":"E1MWthx-DHm","method":"POST","url":"/login","level":"info","message":"Tue Jul 18 2017 14:48:08 GMT+0100 (BST)\tE1MWthx-DHm\tResponded with 200 [49 ms]","timestamp":"2017-07-18T13:48:08.783Z"}
{"httpCode":200,"contentLength":632,"uid":"Ek7WY2g-DSQ","method":"GET","url":"/defaultperm.json","level":"info","message":"Tue Jul 18 2017 14:48:08 GMT+0100 (BST)\tEk7WY2g-DSQ\tResponded with 200 [16 ms]","timestamp":"2017-07-18T13:48:08.801Z"}
{"httpCode":200,"contentLength":89,"uid":"4kNZK3e-vBm","method":"POST","url":"/defaultperm/projects","level":"info","message":"Tue Jul 18 2017 14:48:08 GMT+0100 (BST)\t4kNZK3e-vBm\tResponded with 200 [45 ms]","timestamp":"2017-07-18T13:48:08.850Z"}
{"httpCode":200,"contentLength":296,"uid":"NJrbY3xbPBm","method":"POST","url":"/defaultperm/model1","level":"info","message":"Tue Jul 18 2017 14:48:08 GMT+0100 (BST)\tNJrbY3xbPBm\tResponded with 200 [54 ms]","timestamp":"2017-07-18T13:48:08.909Z"}
{"httpCode":200,"contentLength":1325,"uid":"EkUZK2g-vB7","method":"GET","url":"/defaultperm.json","level":"info","message":"Tue Jul 18 2017 14:48:08 GMT+0100 (BST)\tEkUZK2g-vB7\tResponded with 200 [23 ms]","timestamp":"2017-07-18T13:48:08.945Z"}
{"httpCode":200,"contentLength":418,"uid":"Vyv-YnxbwS7","method":"GET","url":"/defaultperm/deb8d75f-e0b3-4af2-bf2c-7a6590309973.json","level":"info","message":"Tue Jul 18 2017 14:48:08 GMT+0100 (BST)\tVyv-YnxbwS7\tResponded with 200 [27 ms]","timestamp":"2017-07-18T13:48:08.977Z"}
{"httpCode":200,"contentLength":357,"uid":"N1dbYheWwSm","method":"GET","url":"/defaultperm/permission-templates","level":"info","message":"Tue Jul 18 2017 14:48:08 GMT+0100 (BST)\tN1dbYheWwSm\tResponded with 200 [9 ms]","timestamp":"2017-07-18T13:48:08.990Z"}
{"username":"testing","uid":"EyFWt2xbwHm","method":"POST","url":"/login","level":"info","message":"Tue Jul 18 2017 14:48:08 GMT+0100 (BST)\tEyFWt2xbwHm\tAuthenticating user [0 ms]","timestamp":"2017-07-18T13:48:08.997Z"}
{"username":"testing","uid":"EyFWt2xbwHm","method":"POST","url":"/login","level":"info","message":"Tue Jul 18 2017 14:48:09 GMT+0100 (BST)\tEyFWt2xbwHm\tUser is logged in [44 ms]","timestamp":"2017-07-18T13:48:09.040Z"}
{"uid":"EyFWt2xbwHm","method":"POST","url":"/login","level":"info","message":"Tue Jul 18 2017 14:48:09 GMT+0100 (BST)\tEyFWt2xbwHm\tCreating session for  testing [44 ms]","timestamp":"2017-07-18T13:48:09.040Z"}
{"uid":"EyFWt2xbwHm","method":"POST","url":"/login","level":"debug","message":"Tue Jul 18 2017 14:48:09 GMT+0100 (BST)\tEyFWt2xbwHm\tAuthenticated user and signed token. [44 ms]","timestamp":"2017-07-18T13:48:09.041Z"}
{"httpCode":200,"contentLength":223,"uid":"EyFWt2xbwHm","method":"POST","url":"/login","level":"info","message":"Tue Jul 18 2017 14:48:09 GMT+0100 (BST)\tEyFWt2xbwHm\tResponded with 200 [45 ms]","timestamp":"2017-07-18T13:48:09.041Z"}
{"httpCode":401,"contentLength":126,"uid":"41q-KneWwrm","method":"GET","url":"/testing/testproject/download/latest","level":"error","message":"Tue Jul 18 2017 14:48:09 GMT+0100 (BST)\t41q-KneWwrm\t{\"message\":\"Not Authorized\",\"status\":401,\"code\":\"NOT_AUTHORIZED\",\"value\":9,\"place\":\"GET /testing/testproject/download/latest\"} [7 ms]","timestamp":"2017-07-18T13:48:09.050Z"}
{"username":"fed","uid":"VksZFhlbPHX","method":"POST","url":"/login","level":"info","message":"Tue Jul 18 2017 14:48:09 GMT+0100 (BST)\tVksZFhlbPHX\tAuthenticating user [1 ms]","timestamp":"2017-07-18T13:48:09.057Z"}
{"username":"fed","uid":"VksZFhlbPHX","method":"POST","url":"/login","level":"info","message":"Tue Jul 18 2017 14:48:09 GMT+0100 (BST)\tVksZFhlbPHX\tUser is logged in [56 ms]","timestamp":"2017-07-18T13:48:09.112Z"}
{"uid":"VksZFhlbPHX","method":"POST","url":"/login","level":"info","message":"Tue Jul 18 2017 14:48:09 GMT+0100 (BST)\tVksZFhlbPHX\tCreating session for  fed [56 ms]","timestamp":"2017-07-18T13:48:09.112Z"}
{"uid":"VksZFhlbPHX","method":"POST","url":"/login","level":"debug","message":"Tue Jul 18 2017 14:48:09 GMT+0100 (BST)\tVksZFhlbPHX\tAuthenticated user and signed token. [56 ms]","timestamp":"2017-07-18T13:48:09.112Z"}
{"httpCode":200,"contentLength":138,"uid":"VksZFhlbPHX","method":"POST","url":"/login","level":"info","message":"Tue Jul 18 2017 14:48:09 GMT+0100 (BST)\tVksZFhlbPHX\tResponded with 200 [57 ms]","timestamp":"2017-07-18T13:48:09.113Z"}
{"httpCode":401,"contentLength":103,"uid":"VJ5hgZwHQ","method":"POST","url":"/fed/fedproj","level":"error","message":"Tue Jul 18 2017 14:48:09 GMT+0100 (BST)\tVJ5hgZwHQ\t{\"message\":\"Not Authorized\",\"status\":401,\"code\":\"NOT_AUTHORIZED\",\"value\":9,\"place\":\"POST /fed/fedproj\"} [4 ms]","timestamp":"2017-07-18T13:48:09.119Z"}
{"httpCode":401,"contentLength":104,"uid":"Vkl9ngZwHQ","method":"POST","url":"/fed/emptyFed","level":"error","message":"Tue Jul 18 2017 14:48:09 GMT+0100 (BST)\tVkl9ngZwHQ\t{\"message\":\"Not Authorized\",\"status\":401,\"code\":\"NOT_AUTHORIZED\",\"value\":9,\"place\":\"POST /fed/emptyFed\"} [5 ms]","timestamp":"2017-07-18T13:48:09.128Z"}
{"httpCode":401,"contentLength":101,"uid":"Ek-qhlZDSQ","method":"POST","url":"/fed/proj1","level":"error","message":"Tue Jul 18 2017 14:48:09 GMT+0100 (BST)\tEk-qhlZDSQ\t{\"message\":\"Not Authorized\",\"status\":401,\"code\":\"NOT_AUTHORIZED\",\"value\":9,\"place\":\"POST /fed/proj1\"} [4 ms]","timestamp":"2017-07-18T13:48:09.136Z"}
{"httpCode":401,"contentLength":101,"uid":"N1zq3lWPH7","method":"POST","url":"/fed/a%20c","level":"error","message":"Tue Jul 18 2017 14:48:09 GMT+0100 (BST)\tN1zq3lWPH7\t{\"message\":\"Not Authorized\",\"status\":401,\"code\":\"NOT_AUTHORIZED\",\"value\":9,\"place\":\"POST /fed/a%20c\"} [3 ms]","timestamp":"2017-07-18T13:48:09.142Z"}
{"httpCode":401,"contentLength":102,"uid":"41Xchl-Drm","method":"POST","url":"/fed/badfed","level":"error","message":"Tue Jul 18 2017 14:48:09 GMT+0100 (BST)\t41Xchl-Drm\t{\"message\":\"Not Authorized\",\"status\":401,\"code\":\"NOT_AUTHORIZED\",\"value\":9,\"place\":\"POST /fed/badfed\"} [4 ms]","timestamp":"2017-07-18T13:48:09.149Z"}
{"httpCode":401,"contentLength":102,"uid":"V1Ec2gbvHm","method":"POST","url":"/fed/dupfed","level":"error","message":"Tue Jul 18 2017 14:48:09 GMT+0100 (BST)\tV1Ec2gbvHm\t{\"message\":\"Not Authorized\",\"status\":401,\"code\":\"NOT_AUTHORIZED\",\"value\":9,\"place\":\"POST /fed/dupfed\"} [4 ms]","timestamp":"2017-07-18T13:48:09.156Z"}
{"httpCode":401,"contentLength":102,"uid":"NkSqhxWwSX","method":"POST","url":"/fed/fedfed","level":"error","message":"Tue Jul 18 2017 14:48:09 GMT+0100 (BST)\tNkSqhxWwSX\t{\"message\":\"Not Authorized\",\"status\":401,\"code\":\"NOT_AUTHORIZED\",\"value\":9,\"place\":\"POST /fed/fedfed\"} [4 ms]","timestamp":"2017-07-18T13:48:09.163Z"}
{"httpCode":401,"contentLength":100,"uid":"NyU92gbvHQ","method":"PUT","url":"/fed/proj1","level":"error","message":"Tue Jul 18 2017 14:48:09 GMT+0100 (BST)\tNyU92gbvHQ\t{\"message\":\"Not Authorized\",\"status\":401,\"code\":\"NOT_AUTHORIZED\",\"value\":9,\"place\":\"PUT /fed/proj1\"} [8 ms]","timestamp":"2017-07-18T13:48:09.174Z"}
{"httpCode":401,"contentLength":108,"uid":"41Dq3xbvrX","method":"PUT","url":"/fed/nonexistmodel","level":"error","message":"Tue Jul 18 2017 14:48:09 GMT+0100 (BST)\t41Dq3xbvrX\t{\"message\":\"Not Authorized\",\"status\":401,\"code\":\"NOT_AUTHORIZED\",\"value\":9,\"place\":\"PUT /fed/nonexistmodel\"} [11 ms]","timestamp":"2017-07-18T13:48:09.187Z"}
{"httpCode":401,"contentLength":104,"uid":"Ey_cheWwSX","method":"PUT","url":"/fed/undefined","level":"error","message":"Tue Jul 18 2017 14:48:09 GMT+0100 (BST)\tEy_cheWwSX\t{\"message\":\"Not Authorized\",\"status\":401,\"code\":\"NOT_AUTHORIZED\",\"value\":9,\"place\":\"PUT /fed/undefined\"} [6 ms]","timestamp":"2017-07-18T13:48:09.197Z"}
{"httpCode":401,"contentLength":134,"uid":"4yF92l-PS7","method":"DELETE","url":"/fed/f4ec3efb-3de8-4eeb-81a1-1c62cb2fed40","level":"error","message":"Tue Jul 18 2017 14:48:09 GMT+0100 (BST)\t4yF92l-PS7\t{\"message\":\"Not Authorized\",\"status\":401,\"code\":\"NOT_AUTHORIZED\",\"value\":9,\"place\":\"DELETE /fed/f4ec3efb-3de8-4eeb-81a1-1c62cb2fed40\"} [6 ms]","timestamp":"2017-07-18T13:48:09.206Z"}
{"username":"impermTeamspaceAdmin","uid":"4kq53g-DrX","method":"POST","url":"/login","level":"info","message":"Tue Jul 18 2017 14:48:09 GMT+0100 (BST)\t4kq53g-DrX\tAuthenticating user [1 ms]","timestamp":"2017-07-18T13:48:09.214Z"}
{"httpCode":400,"contentLength":129,"uid":"4kq53g-DrX","method":"POST","url":"/login","level":"error","message":"Tue Jul 18 2017 14:48:09 GMT+0100 (BST)\t4kq53g-DrX\t{\"message\":\"Incorrect username or password\",\"status\":400,\"code\":\"INCORRECT_USERNAME_OR_PASSWORD\",\"value\":2,\"place\":\"POST /login\"} [3 ms]","timestamp":"2017-07-18T13:48:09.216Z"}
{"username":"imProjectAdmin","uid":"Eys52eZwr7","method":"POST","url":"/login","level":"info","message":"Tue Jul 18 2017 14:48:09 GMT+0100 (BST)\tEys52eZwr7\tAuthenticating user [1 ms]","timestamp":"2017-07-18T13:48:09.226Z"}
{"httpCode":400,"contentLength":129,"uid":"Eys52eZwr7","method":"POST","url":"/login","level":"error","message":"Tue Jul 18 2017 14:48:09 GMT+0100 (BST)\tEys52eZwr7\t{\"message\":\"Incorrect username or password\",\"status\":400,\"code\":\"INCORRECT_USERNAME_OR_PASSWORD\",\"value\":2,\"place\":\"POST /login\"} [2 ms]","timestamp":"2017-07-18T13:48:09.227Z"}
{"username":"imModelAdmin","uid":"V139hg-PHm","method":"POST","url":"/login","level":"info","message":"Tue Jul 18 2017 14:48:09 GMT+0100 (BST)\tV139hg-PHm\tAuthenticating user [1 ms]","timestamp":"2017-07-18T13:48:09.233Z"}
{"httpCode":400,"contentLength":129,"uid":"V139hg-PHm","method":"POST","url":"/login","level":"error","message":"Tue Jul 18 2017 14:48:09 GMT+0100 (BST)\tV139hg-PHm\t{\"message\":\"Incorrect username or password\",\"status\":400,\"code\":\"INCORRECT_USERNAME_OR_PASSWORD\",\"value\":2,\"place\":\"POST /login\"} [2 ms]","timestamp":"2017-07-18T13:48:09.234Z"}
{"username":"impliedViewAllModels","uid":"4ya92xbwS7","method":"POST","url":"/login","level":"info","message":"Tue Jul 18 2017 14:48:09 GMT+0100 (BST)\t4ya92xbwS7\tAuthenticating user [0 ms]","timestamp":"2017-07-18T13:48:09.238Z"}
{"httpCode":400,"contentLength":129,"uid":"4ya92xbwS7","method":"POST","url":"/login","level":"error","message":"Tue Jul 18 2017 14:48:09 GMT+0100 (BST)\t4ya92xbwS7\t{\"message\":\"Incorrect username or password\",\"status\":400,\"code\":\"INCORRECT_USERNAME_OR_PASSWORD\",\"value\":2,\"place\":\"POST /login\"} [1 ms]","timestamp":"2017-07-18T13:48:09.240Z"}
{"username":"imUploadAllModels","uid":"EkA92xbDrm","method":"POST","url":"/login","level":"info","message":"Tue Jul 18 2017 14:48:09 GMT+0100 (BST)\tEkA92xbDrm\tAuthenticating user [1 ms]","timestamp":"2017-07-18T13:48:09.244Z"}
{"httpCode":400,"contentLength":129,"uid":"EkA92xbDrm","method":"POST","url":"/login","level":"error","message":"Tue Jul 18 2017 14:48:09 GMT+0100 (BST)\tEkA92xbDrm\t{\"message\":\"Incorrect username or password\",\"status\":400,\"code\":\"INCORRECT_USERNAME_OR_PASSWORD\",\"value\":2,\"place\":\"POST /login\"} [2 ms]","timestamp":"2017-07-18T13:48:09.245Z"}
{"username":"testing","uid":"4kCae-wSm","method":"POST","url":"/login","level":"info","message":"Tue Jul 18 2017 14:48:29 GMT+0100 (BST)\t4kCae-wSm\tAuthenticating user [2 ms]","timestamp":"2017-07-18T13:48:29.262Z"}
{"username":"testing","uid":"4kCae-wSm","method":"POST","url":"/login","level":"info","message":"Tue Jul 18 2017 14:48:29 GMT+0100 (BST)\t4kCae-wSm\tUser is logged in [69 ms]","timestamp":"2017-07-18T13:48:29.334Z"}
{"uid":"4kCae-wSm","method":"POST","url":"/login","level":"info","message":"Tue Jul 18 2017 14:48:29 GMT+0100 (BST)\t4kCae-wSm\tCreating session for  testing [76 ms]","timestamp":"2017-07-18T13:48:29.335Z"}
{"uid":"4kCae-wSm","method":"POST","url":"/login","level":"debug","message":"Tue Jul 18 2017 14:48:29 GMT+0100 (BST)\t4kCae-wSm\tAuthenticated user and signed token. [76 ms]","timestamp":"2017-07-18T13:48:29.335Z"}
{"httpCode":200,"contentLength":223,"uid":"4kCae-wSm","method":"POST","url":"/login","level":"info","message":"Tue Jul 18 2017 14:48:29 GMT+0100 (BST)\t4kCae-wSm\tResponded with 200 [77 ms]","timestamp":"2017-07-18T13:48:29.336Z"}
{"username":"accountPerm","uid":"4kmNZWwrm","method":"POST","url":"/login","level":"info","message":"Tue Jul 18 2017 14:50:10 GMT+0100 (BST)\t4kmNZWwrm\tAuthenticating user [92 ms]","timestamp":"2017-07-18T13:50:10.458Z"}
{"httpCode":400,"contentLength":129,"uid":"4kmNZWwrm","method":"POST","url":"/login","level":"error","message":"Tue Jul 18 2017 14:50:10 GMT+0100 (BST)\t4kmNZWwrm\t{\"message\":\"Incorrect username or password\",\"status\":400,\"code\":\"INCORRECT_USERNAME_OR_PASSWORD\",\"value\":2,\"place\":\"POST /login\"} [153 ms]","timestamp":"2017-07-18T13:50:10.518Z"}
{"username":"accountPerm","uid":"VyZHXWPSX","method":"POST","url":"/login","level":"info","message":"Tue Jul 18 2017 14:58:56 GMT+0100 (BST)\tVyZHXWPSX\tAuthenticating user [105 ms]","timestamp":"2017-07-18T13:58:56.979Z"}
{"httpCode":400,"contentLength":129,"uid":"VyZHXWPSX","method":"POST","url":"/login","level":"error","message":"Tue Jul 18 2017 14:58:57 GMT+0100 (BST)\tVyZHXWPSX\t{\"message\":\"Incorrect username or password\",\"status\":400,\"code\":\"INCORRECT_USERNAME_OR_PASSWORD\",\"value\":2,\"place\":\"POST /login\"} [178 ms]","timestamp":"2017-07-18T13:58:57.050Z"}
{"username":"accountPerm","uid":"V1mLXWDH7","method":"POST","url":"/login","level":"info","message":"Tue Jul 18 2017 14:59:15 GMT+0100 (BST)\tV1mLXWDH7\tAuthenticating user [90 ms]","timestamp":"2017-07-18T13:59:15.180Z"}
{"httpCode":400,"contentLength":129,"uid":"V1mLXWDH7","method":"POST","url":"/login","level":"error","message":"Tue Jul 18 2017 14:59:15 GMT+0100 (BST)\tV1mLXWDH7\t{\"message\":\"Incorrect username or password\",\"status\":400,\"code\":\"INCORRECT_USERNAME_OR_PASSWORD\",\"value\":2,\"place\":\"POST /login\"} [153 ms]","timestamp":"2017-07-18T13:59:15.241Z"}
{"username":"accountPerm","uid":"4JfE4-vrX","method":"POST","url":"/login","level":"info","message":"Tue Jul 18 2017 15:02:57 GMT+0100 (BST)\t4JfE4-vrX\tAuthenticating user [89 ms]","timestamp":"2017-07-18T14:02:57.939Z"}
{"httpCode":400,"contentLength":129,"uid":"4JfE4-vrX","method":"POST","url":"/login","level":"error","message":"Tue Jul 18 2017 15:02:57 GMT+0100 (BST)\t4JfE4-vrX\t{\"message\":\"Incorrect username or password\",\"status\":400,\"code\":\"INCORRECT_USERNAME_OR_PASSWORD\",\"value\":2,\"place\":\"POST /login\"} [151 ms]","timestamp":"2017-07-18T14:02:57.999Z"}
{"username":"accountPerm","uid":"EJMLEWvS7","method":"POST","url":"/login","level":"info","message":"Tue Jul 18 2017 15:03:30 GMT+0100 (BST)\tEJMLEWvS7\tAuthenticating user [88 ms]","timestamp":"2017-07-18T14:03:30.161Z"}
{"httpCode":400,"contentLength":129,"uid":"EJMLEWvS7","method":"POST","url":"/login","level":"error","message":"Tue Jul 18 2017 15:03:30 GMT+0100 (BST)\tEJMLEWvS7\t{\"message\":\"Incorrect username or password\",\"status\":400,\"code\":\"INCORRECT_USERNAME_OR_PASSWORD\",\"value\":2,\"place\":\"POST /login\"} [147 ms]","timestamp":"2017-07-18T14:03:30.219Z"}
{"username":"accountPerm","uid":"NyWjNZvHm","method":"POST","url":"/login","level":"info","message":"Tue Jul 18 2017 15:04:48 GMT+0100 (BST)\tNyWjNZvHm\tAuthenticating user [85 ms]","timestamp":"2017-07-18T14:04:48.807Z"}
{"httpCode":400,"contentLength":129,"uid":"NyWjNZvHm","method":"POST","url":"/login","level":"error","message":"Tue Jul 18 2017 15:04:48 GMT+0100 (BST)\tNyWjNZvHm\t{\"message\":\"Incorrect username or password\",\"status\":400,\"code\":\"INCORRECT_USERNAME_OR_PASSWORD\",\"value\":2,\"place\":\"POST /login\"} [145 ms]","timestamp":"2017-07-18T14:04:48.864Z"}
